TN:
SF:src\App.jsx
FN:6,App
FNF:1
FNH:1
FNDA:5,App
DA:7,5
LF:1
LH:1
BRF:0
BRH:0
end_of_record
TN:
SF:src\main.jsx
FNF:0
FNH:0
DA:7,1
LF:1
LH:1
BRF:0
BRH:0
end_of_record
TN:
SF:src\common\constant.js
FNF:0
FNH:0
DA:1,3
DA:9,3
LF:2
LH:2
BRF:0
BRH:0
end_of_record
TN:
SF:src\components\BookList.jsx
FN:5,(anonymous_0)
FN:9,(anonymous_1)
FN:12,(anonymous_2)
FNF:3
FNH:3
FNDA:11,(anonymous_0)
FNDA:55,(anonymous_1)
FNDA:7,(anonymous_2)
DA:5,2
DA:6,11
DA:7,11
DA:10,55
DA:12,7
LF:5
LH:5
BRF:0
BRH:0
end_of_record
TN:
SF:src\components\Cart.jsx
FN:6,(anonymous_0)
FN:12,(anonymous_1)
FN:28,(anonymous_2)
FNF:3
FNH:3
FNDA:15,(anonymous_0)
FNDA:23,(anonymous_1)
FNDA:23,(anonymous_2)
DA:6,3
DA:7,15
DA:11,15
DA:12,23
DA:13,10
DA:14,10
DA:15,10
DA:17,5
DA:19,15
DA:29,23
LF:10
LH:10
BRDA:11,0,0,10
BRDA:11,0,1,5
BRDA:21,1,0,10
BRDA:21,1,1,5
BRF:4
BRH:4
end_of_record
TN:
SF:src\context\CardContext.jsx
FN:5,(anonymous_0)
FN:8,(anonymous_1)
FN:9,(anonymous_2)
FN:10,(anonymous_3)
FN:13,(anonymous_4)
FN:28,(anonymous_5)
FNF:6
FNH:6
FNDA:11,(anonymous_0)
FNDA:7,(anonymous_1)
FNDA:7,(anonymous_2)
FNDA:7,(anonymous_3)
FNDA:4,(anonymous_4)
FNDA:22,(anonymous_5)
DA:3,2
DA:5,2
DA:6,11
DA:8,11
DA:9,7
DA:10,7
DA:11,7
DA:12,2
DA:13,2
DA:14,4
DA:17,5
DA:21,11
DA:28,22
LF:13
LH:13
BRDA:11,0,0,2
BRDA:11,0,1,5
BRDA:14,1,0,2
BRDA:14,1,1,2
BRF:4
BRH:4
end_of_record
TN:
SF:src\utils\getDiscount.js
FN:1,(anonymous_0)
FN:9,(anonymous_1)
FN:10,(anonymous_2)
FN:11,(anonymous_3)
FN:11,(anonymous_4)
FN:14,(anonymous_5)
FN:15,(anonymous_6)
FN:15,(anonymous_7)
FN:16,(anonymous_8)
FN:16,(anonymous_9)
FN:17,(anonymous_10)
FN:17,(anonymous_11)
FN:18,(anonymous_12)
FN:20,(anonymous_13)
FN:24,(anonymous_14)
FN:28,(anonymous_15)
FN:28,(anonymous_16)
FN:29,(anonymous_17)
FN:29,(anonymous_18)
FN:29,(anonymous_19)
FN:30,(anonymous_20)
FN:40,(anonymous_21)
FN:41,(anonymous_22)
FN:41,(anonymous_23)
FN:42,(anonymous_24)
FN:42,(anonymous_25)
FN:43,(anonymous_26)
FN:43,(anonymous_27)
FN:44,(anonymous_28)
FN:46,(anonymous_29)
FNF:30
FNH:30
FNDA:1291,(anonymous_0)
FNDA:10,(anonymous_1)
FNDA:23,(anonymous_2)
FNDA:23,(anonymous_3)
FNDA:84,(anonymous_4)
FNDA:1301,(anonymous_5)
FNDA:175,(anonymous_6)
FNDA:276,(anonymous_7)
FNDA:1291,(anonymous_8)
FNDA:6312,(anonymous_9)
FNDA:1291,(anonymous_10)
FNDA:2592,(anonymous_11)
FNDA:1291,(anonymous_12)
FNDA:10,(anonymous_13)
FNDA:1301,(anonymous_14)
FNDA:4419,(anonymous_15)
FNDA:7806,(anonymous_16)
FNDA:1291,(anonymous_17)
FNDA:1291,(anonymous_18)
FNDA:1291,(anonymous_19)
FNDA:1291,(anonymous_20)
FNDA:23,(anonymous_21)
FNDA:10,(anonymous_22)
FNDA:23,(anonymous_23)
FNDA:10,(anonymous_24)
FNDA:23,(anonymous_25)
FNDA:10,(anonymous_26)
FNDA:23,(anonymous_27)
FNDA:30,(anonymous_28)
FNDA:10,(anonymous_29)
DA:1,3
DA:2,1291
DA:3,1282
DA:4,1204
DA:5,931
DA:6,446
DA:9,3
DA:10,23
DA:11,84
DA:14,1301
DA:15,276
DA:16,6312
DA:17,2592
DA:18,1291
DA:20,3
DA:21,10
DA:22,10
DA:24,10
DA:25,1301
DA:26,175
DA:27,165
DA:28,7806
DA:29,1291
DA:30,1291
DA:31,165
DA:33,165
DA:37,10
DA:40,23
DA:41,23
DA:42,23
DA:43,23
DA:44,30
DA:46,3
DA:47,10
DA:48,10
DA:49,10
DA:50,10
DA:51,10
DA:52,10
LF:39
LH:39
BRDA:2,0,0,9
BRDA:2,0,1,1282
BRDA:3,1,0,78
BRDA:3,1,1,1204
BRDA:4,2,0,273
BRDA:4,2,1,931
BRDA:5,3,0,485
BRDA:5,3,1,446
BRDA:16,4,0,2592
BRDA:16,4,1,3720
BRDA:25,5,0,1126
BRDA:25,5,1,175
BRDA:26,6,0,10
BRDA:26,6,1,165
BRDA:29,7,0,1291
BRDA:29,7,1,833
BRDA:30,8,0,661
BRDA:30,8,1,630
BRF:18
BRH:18
end_of_record
